2026-06-21 06:25:40,110 INFO Generating FULL TV study video clips (FFmpeg direct mode to avoid RAM OOM)...
2026-06-21 06:25:40,112 INFO 已存在，跳過: clip_0_0.mp4
2026-06-21 06:25:40,113 INFO 已存在，跳過: clip_0_1.mp4
2026-06-21 06:25:40,113 INFO 已存在，跳過: clip_0_2.mp4
2026-06-21 06:25:40,113 INFO 已存在，跳過: clip_0_3.mp4
2026-06-21 06:25:40,113 INFO 已存在，跳過: clip_0_4.mp4
2026-06-21 06:25:40,114 INFO 已存在，跳過: clip_0_5.mp4
2026-06-21 06:25:40,115 INFO 已存在，跳過: clip_1_0.mp4
2026-06-21 06:25:40,116 INFO 已存在，跳過: clip_1_1.mp4
2026-06-21 06:25:40,117 INFO 已存在，跳過: clip_1_2.mp4
2026-06-21 06:25:40,117 INFO 已存在，跳過: clip_1_3.mp4
2026-06-21 06:25:40,118 INFO 已存在，跳過: clip_1_4.mp4
2026-06-21 06:25:40,118 INFO 已存在，跳過: clip_1_5.mp4
2026-06-21 06:25:40,118 INFO 已存在，跳過: clip_1_6.mp4
2026-06-21 06:25:40,118 INFO 已存在，跳過: clip_1_7.mp4
2026-06-21 06:25:40,118 INFO 已存在，跳過: clip_1_8.mp4
2026-06-21 06:25:40,118 INFO 已存在，跳過: clip_1_9.mp4
2026-06-21 06:25:40,119 INFO 已存在，跳過: clip_1_10.mp4
2026-06-21 06:25:40,119 INFO 已存在，跳過: clip_1_11.mp4
2026-06-21 06:25:40,119 INFO 已存在，跳過: clip_1_12.mp4
2026-06-21 06:25:40,119 INFO 已存在，跳過: clip_1_13.mp4
2026-06-21 06:25:40,119 INFO 已存在，跳過: clip_1_14.mp4
2026-06-21 06:25:40,119 INFO 已存在，跳過: clip_1_15.mp4
2026-06-21 06:25:40,119 INFO 已存在，跳過: clip_1_16.mp4
2026-06-21 06:25:40,120 INFO 已存在，跳過: clip_1_17.mp4
2026-06-21 06:25:40,120 INFO 已存在，跳過: clip_1_18.mp4
2026-06-21 06:25:40,120 INFO 已存在，跳過: clip_1_19.mp4
2026-06-21 06:25:40,121 INFO 已存在，跳過: clip_1_20.mp4
2026-06-21 06:25:40,121 INFO 已存在，跳過: clip_1_21.mp4
2026-06-21 06:25:40,121 INFO 已存在，跳過: clip_1_22.mp4
2026-06-21 06:25:40,122 INFO 已存在，跳過: clip_1_23.mp4
2026-06-21 06:25:40,122 INFO 已存在，跳過: clip_1_24.mp4
2026-06-21 06:25:40,122 INFO 已存在，跳過: clip_1_25.mp4
2026-06-21 06:25:40,122 INFO 已存在，跳過: clip_1_26.mp4
2026-06-21 06:25:40,123 INFO 已存在，跳過: clip_1_27.mp4
2026-06-21 06:25:40,123 INFO 已存在，跳過: clip_1_28.mp4
2026-06-21 06:25:40,123 INFO 已存在，跳過: clip_1_29.mp4
2026-06-21 06:25:40,123 INFO 已存在，跳過: clip_1_30.mp4
2026-06-21 06:25:40,124 INFO 已存在，跳過: clip_1_31.mp4
2026-06-21 06:25:40,124 INFO 已存在，跳過: clip_1_32.mp4
2026-06-21 06:25:40,124 INFO 已存在，跳過: clip_1_33.mp4
2026-06-21 06:25:40,124 INFO 已存在，跳過: clip_1_34.mp4
2026-06-21 06:25:40,124 INFO 已存在，跳過: clip_1_35.mp4
2026-06-21 06:25:40,125 INFO 已存在，跳過: clip_1_36.mp4
2026-06-21 06:25:40,125 INFO 已存在，跳過: clip_1_37.mp4
2026-06-21 06:25:40,125 INFO 已存在，跳過: clip_1_38.mp4
2026-06-21 06:25:40,125 INFO 已存在，跳過: clip_1_39.mp4
2026-06-21 06:25:40,125 INFO 已存在，跳過: clip_1_40.mp4
2026-06-21 06:25:40,125 INFO 已存在，跳過: clip_1_41.mp4
2026-06-21 06:25:40,126 INFO 已存在，跳過: clip_1_42.mp4
2026-06-21 06:25:40,126 INFO 已存在，跳過: clip_1_43.mp4
2026-06-21 06:25:40,126 INFO 已存在，跳過: clip_1_44.mp4
2026-06-21 06:25:40,126 INFO 已存在，跳過: clip_1_45.mp4
2026-06-21 06:25:40,126 INFO 已存在，跳過: clip_1_46.mp4
2026-06-21 06:25:40,127 INFO 已存在，跳過: clip_1_47.mp4
2026-06-21 06:25:40,128 INFO 已存在，跳過: clip_2_0.mp4
2026-06-21 06:25:40,128 INFO 已存在，跳過: clip_2_1.mp4
2026-06-21 06:25:40,128 INFO 已存在，跳過: clip_2_2.mp4
2026-06-21 06:25:40,129 INFO 已存在，跳過: clip_2_3.mp4
2026-06-21 06:25:40,129 INFO 已存在，跳過: clip_2_4.mp4
2026-06-21 06:25:40,129 INFO 已存在，跳過: clip_2_5.mp4
2026-06-21 06:25:40,129 INFO 已存在，跳過: clip_2_6.mp4
2026-06-21 06:25:40,129 INFO 已存在，跳過: clip_2_7.mp4
2026-06-21 06:25:40,129 INFO 已存在，跳過: clip_2_8.mp4
2026-06-21 06:25:40,129 INFO 已存在，跳過: clip_2_9.mp4
2026-06-21 06:25:40,130 INFO 已存在，跳過: clip_2_10.mp4
2026-06-21 06:25:40,130 INFO 已存在，跳過: clip_2_11.mp4
2026-06-21 06:25:40,130 INFO 已存在，跳過: clip_2_12.mp4
2026-06-21 06:25:40,130 INFO 已存在，跳過: clip_2_13.mp4
2026-06-21 06:25:40,130 INFO 已存在，跳過: clip_2_14.mp4
2026-06-21 06:25:40,130 INFO 已存在，跳過: clip_2_15.mp4
2026-06-21 06:25:40,130 INFO 已存在，跳過: clip_2_16.mp4
2026-06-21 06:25:40,130 INFO 已存在，跳過: clip_2_17.mp4
2026-06-21 06:25:40,131 INFO 已存在，跳過: clip_2_18.mp4
2026-06-21 06:25:40,131 INFO 已存在，跳過: clip_2_19.mp4
2026-06-21 06:25:40,131 INFO 已存在，跳過: clip_2_20.mp4
2026-06-21 06:25:40,132 INFO 已存在，跳過: clip_2_21.mp4
2026-06-21 06:25:40,132 INFO 已存在，跳過: clip_2_22.mp4
2026-06-21 06:25:40,132 INFO 已存在，跳過: clip_2_23.mp4
2026-06-21 06:25:40,132 INFO 已存在，跳過: clip_2_24.mp4
2026-06-21 06:25:40,133 INFO 已存在，跳過: clip_2_25.mp4
2026-06-21 06:25:40,133 INFO 已存在，跳過: clip_2_26.mp4
2026-06-21 06:25:40,133 INFO 已存在，跳過: clip_2_27.mp4
2026-06-21 06:25:40,134 INFO 空句子，略過: '。'
2026-06-21 06:25:40,135 INFO 已存在，跳過: clip_3_0.mp4
2026-06-21 06:25:40,135 INFO 已存在，跳過: clip_3_1.mp4
2026-06-21 06:25:40,135 INFO 已存在，跳過: clip_3_2.mp4
2026-06-21 06:25:40,136 INFO 已存在，跳過: clip_3_3.mp4
2026-06-21 06:25:40,137 INFO 已存在，跳過: clip_3_4.mp4
2026-06-21 06:25:40,137 INFO 已存在，跳過: clip_3_5.mp4
2026-06-21 06:25:40,137 INFO 已存在，跳過: clip_3_6.mp4
2026-06-21 06:25:40,138 INFO 已存在，跳過: clip_3_7.mp4
2026-06-21 06:25:40,138 INFO 已存在，跳過: clip_3_8.mp4
2026-06-21 06:25:40,138 INFO 已存在，跳過: clip_3_9.mp4
2026-06-21 06:25:40,139 INFO 已存在，跳過: clip_3_10.mp4
2026-06-21 06:25:40,139 INFO 已存在，跳過: clip_3_11.mp4
2026-06-21 06:25:40,139 INFO 已存在，跳過: clip_3_12.mp4
2026-06-21 06:25:40,139 INFO 已存在，跳過: clip_3_13.mp4
2026-06-21 06:25:40,139 INFO 已存在，跳過: clip_3_14.mp4
2026-06-21 06:25:40,140 INFO 已存在，跳過: clip_3_15.mp4
2026-06-21 06:25:40,140 INFO 已存在，跳過: clip_3_16.mp4
2026-06-21 06:25:40,140 INFO 已存在，跳過: clip_3_17.mp4
2026-06-21 06:25:40,140 INFO 已存在，跳過: clip_3_18.mp4
2026-06-21 06:25:40,141 INFO 已存在，跳過: clip_3_19.mp4
2026-06-21 06:25:40,141 INFO 已存在，跳過: clip_3_20.mp4
2026-06-21 06:25:40,141 INFO 已存在，跳過: clip_3_21.mp4
2026-06-21 06:25:40,141 INFO 已存在，跳過: clip_3_22.mp4
2026-06-21 06:25:40,141 INFO 已存在，跳過: clip_3_23.mp4
2026-06-21 06:25:40,142 INFO 已存在，跳過: clip_3_24.mp4
2026-06-21 06:25:40,142 INFO 已存在，跳過: clip_3_25.mp4
2026-06-21 06:25:40,142 INFO 已存在，跳過: clip_3_26.mp4
2026-06-21 06:25:40,142 INFO 已存在，跳過: clip_3_27.mp4
2026-06-21 06:25:40,142 INFO 已存在，跳過: clip_3_28.mp4
2026-06-21 06:25:40,142 INFO 已存在，跳過: clip_3_29.mp4
2026-06-21 06:25:40,143 INFO 已存在，跳過: clip_3_30.mp4
2026-06-21 06:25:40,143 INFO 已存在，跳過: clip_3_31.mp4
2026-06-21 06:25:40,143 INFO 已存在，跳過: clip_3_32.mp4
2026-06-21 06:25:40,144 INFO 已存在，跳過: clip_4_0.mp4
2026-06-21 06:25:40,145 INFO 已存在，跳過: clip_4_1.mp4
2026-06-21 06:25:40,145 INFO 已存在，跳過: clip_4_2.mp4
2026-06-21 06:25:40,145 INFO 已存在，跳過: clip_4_3.mp4
2026-06-21 06:25:40,145 INFO 已存在，跳過: clip_4_4.mp4
2026-06-21 06:25:40,146 INFO 已存在，跳過: clip_4_5.mp4
2026-06-21 06:25:40,146 INFO 已存在，跳過: clip_4_6.mp4
2026-06-21 06:25:40,146 INFO 已存在，跳過: clip_4_7.mp4
2026-06-21 06:25:40,146 INFO 已存在，跳過: clip_4_8.mp4
2026-06-21 06:25:40,147 INFO 已存在，跳過: clip_4_9.mp4
2026-06-21 06:25:40,147 INFO 已存在，跳過: clip_4_10.mp4
2026-06-21 06:25:40,147 INFO 已存在，跳過: clip_4_11.mp4
2026-06-21 06:25:40,147 INFO 已存在，跳過: clip_4_12.mp4
2026-06-21 06:25:40,147 INFO 已存在，跳過: clip_4_13.mp4
2026-06-21 06:25:40,148 INFO 已存在，跳過: clip_4_14.mp4
2026-06-21 06:25:40,148 INFO 已存在，跳過: clip_4_15.mp4
2026-06-21 06:25:40,148 INFO 已存在，跳過: clip_4_16.mp4
2026-06-21 06:25:40,148 INFO 已存在，跳過: clip_4_17.mp4
2026-06-21 06:25:40,148 INFO 已存在，跳過: clip_4_18.mp4
2026-06-21 06:25:40,151 INFO 已存在，跳過: clip_4_19.mp4
2026-06-21 06:25:40,153 INFO 已存在，跳過: clip_5_0.mp4
2026-06-21 06:25:40,153 INFO 已存在，跳過: clip_5_1.mp4
2026-06-21 06:25:40,153 INFO 已存在，跳過: clip_5_2.mp4
2026-06-21 06:25:40,154 INFO 已存在，跳過: clip_5_3.mp4
2026-06-21 06:25:40,154 WARNING 'zh-tw' has been deprecated, falling back to 'zh-TW'. This fallback will be removed in a future version.
2026-06-21 06:25:56,278 WARNING 'zh-tw' has been deprecated, falling back to 'zh-TW'. This fallback will be removed in a future version.
2026-06-21 06:25:59,785 WARNING 'zh-tw' has been deprecated, falling back to 'zh-TW'. This fallback will be removed in a future version.
2026-06-21 06:26:07,926 WARNING 'zh-tw' has been deprecated, falling back to 'zh-TW'. This fallback will be removed in a future version.
2026-06-21 06:26:16,474 WARNING 'zh-tw' has been deprecated, falling back to 'zh-TW'. This fallback will be removed in a future version.
2026-06-21 06:26:26,533 WARNING 'zh-tw' has been deprecated, falling back to 'zh-TW'. This fallback will be removed in a future version.
2026-06-21 06:26:33,933 WARNING 'zh-tw' has been deprecated, falling back to 'zh-TW'. This fallback will be removed in a future version.
2026-06-21 06:26:41,762 WARNING 'zh-tw' has been deprecated, falling back to 'zh-TW'. This fallback will be removed in a future version.
2026-06-21 06:26:50,033 WARNING 'zh-tw' has been deprecated, falling back to 'zh-TW'. This fallback will be removed in a future version.
2026-06-21 06:26:57,938 WARNING 'zh-tw' has been deprecated, falling back to 'zh-TW'. This fallback will be removed in a future version.
2026-06-21 06:27:00,986 WARNING 'zh-tw' has been deprecated, falling back to 'zh-TW'. This fallback will be removed in a future version.
2026-06-21 06:27:08,504 WARNING 'zh-tw' has been deprecated, falling back to 'zh-TW'. This fallback will be removed in a future version.
2026-06-21 06:27:21,389 WARNING 'zh-tw' has been deprecated, falling back to 'zh-TW'. This fallback will be removed in a future version.
2026-06-21 06:27:34,502 INFO 空句子，略過: '。'
2026-06-21 06:27:34,504 WARNING 'zh-tw' has been deprecated, falling back to 'zh-TW'. This fallback will be removed in a future version.
2026-06-21 06:27:41,517 WARNING 'zh-tw' has been deprecated, falling back to 'zh-TW'. This fallback will be removed in a future version.
2026-06-21 06:27:50,468 WARNING 'zh-tw' has been deprecated, falling back to 'zh-TW'. This fallback will be removed in a future version.
2026-06-21 06:27:57,748 WARNING 'zh-tw' has been deprecated, falling back to 'zh-TW'. This fallback will be removed in a future version.
2026-06-21 06:28:06,615 WARNING 'zh-tw' has been deprecated, falling back to 'zh-TW'. This fallback will be removed in a future version.
2026-06-21 06:28:19,485 WARNING 'zh-tw' has been deprecated, falling back to 'zh-TW'. This fallback will be removed in a future version.
2026-06-21 06:28:29,670 WARNING 'zh-tw' has been deprecated, falling back to 'zh-TW'. This fallback will be removed in a future version.
2026-06-21 06:28:44,658 WARNING 'zh-tw' has been deprecated, falling back to 'zh-TW'. This fallback will be removed in a future version.
2026-06-21 06:28:59,465 WARNING 'zh-tw' has been deprecated, falling back to 'zh-TW'. This fallback will be removed in a future version.
2026-06-21 06:29:12,626 WARNING 'zh-tw' has been deprecated, falling back to 'zh-TW'. This fallback will be removed in a future version.
2026-06-21 06:30:31,813 WARNING 'zh-tw' has been deprecated, falling back to 'zh-TW'. This fallback will be removed in a future version.
2026-06-21 06:30:35,252 WARNING 'zh-tw' has been deprecated, falling back to 'zh-TW'. This fallback will be removed in a future version.
2026-06-21 06:30:44,759 WARNING 'zh-tw' has been deprecated, falling back to 'zh-TW'. This fallback will be removed in a future version.
2026-06-21 06:30:52,768 WARNING 'zh-tw' has been deprecated, falling back to 'zh-TW'. This fallback will be removed in a future version.
2026-06-21 06:30:59,659 WARNING 'zh-tw' has been deprecated, falling back to 'zh-TW'. This fallback will be removed in a future version.
2026-06-21 06:31:09,050 WARNING 'zh-tw' has been deprecated, falling back to 'zh-TW'. This fallback will be removed in a future version.
2026-06-21 06:31:15,275 WARNING 'zh-tw' has been deprecated, falling back to 'zh-TW'. This fallback will be removed in a future version.
2026-06-21 06:31:23,719 WARNING 'zh-tw' has been deprecated, falling back to 'zh-TW'. This fallback will be removed in a future version.
2026-06-21 06:31:26,263 WARNING 'zh-tw' has been deprecated, falling back to 'zh-TW'. This fallback will be removed in a future version.
2026-06-21 06:31:32,830 WARNING 'zh-tw' has been deprecated, falling back to 'zh-TW'. This fallback will be removed in a future version.
2026-06-21 06:31:40,849 WARNING 'zh-tw' has been deprecated, falling back to 'zh-TW'. This fallback will be removed in a future version.
2026-06-21 06:31:58,204 INFO 空句子，略過: '。'
2026-06-21 06:31:58,205 WARNING 'zh-tw' has been deprecated, falling back to 'zh-TW'. This fallback will be removed in a future version.
2026-06-21 06:32:06,135 WARNING 'zh-tw' has been deprecated, falling back to 'zh-TW'. This fallback will be removed in a future version.
2026-06-21 06:32:14,343 WARNING 'zh-tw' has been deprecated, falling back to 'zh-TW'. This fallback will be removed in a future version.
2026-06-21 06:32:20,976 WARNING 'zh-tw' has been deprecated, falling back to 'zh-TW'. This fallback will be removed in a future version.
2026-06-21 06:32:29,909 WARNING 'zh-tw' has been deprecated, falling back to 'zh-TW'. This fallback will be removed in a future version.
2026-06-21 06:32:36,440 WARNING 'zh-tw' has been deprecated, falling back to 'zh-TW'. This fallback will be removed in a future version.
2026-06-21 06:32:44,504 WARNING 'zh-tw' has been deprecated, falling back to 'zh-TW'. This fallback will be removed in a future version.
2026-06-21 06:32:52,986 WARNING 'zh-tw' has been deprecated, falling back to 'zh-TW'. This fallback will be removed in a future version.
2026-06-21 06:33:00,606 WARNING 'zh-tw' has been deprecated, falling back to 'zh-TW'. This fallback will be removed in a future version.
2026-06-21 06:33:06,568 WARNING 'zh-tw' has been deprecated, falling back to 'zh-TW'. This fallback will be removed in a future version.
2026-06-21 06:33:15,162 WARNING 'zh-tw' has been deprecated, falling back to 'zh-TW'. This fallback will be removed in a future version.
2026-06-21 06:33:29,758 WARNING 'zh-tw' has been deprecated, falling back to 'zh-TW'. This fallback will be removed in a future version.
2026-06-21 06:33:37,182 WARNING 'zh-tw' has been deprecated, falling back to 'zh-TW'. This fallback will be removed in a future version.
2026-06-21 06:33:43,770 INFO Concatenating 186 clips -> C:\Users\manpo\OneDrive\桌面\114下學期期末考_全考點電視播送版.mp4
2026-06-21 06:34:02,412 INFO Done! TV Full Video Generated without RAM issues.
2026-06-21 07:32:48,615 INFO Generating FULL TV study video clips (FFmpeg direct mode to avoid RAM OOM)...
2026-06-21 07:32:48,616 WARNING 'zh-tw' has been deprecated, falling back to 'zh-TW'. This fallback will be removed in a future version.
2026-06-21 07:32:53,012 WARNING 'zh-tw' has been deprecated, falling back to 'zh-TW'. This fallback will be removed in a future version.
2026-06-21 07:32:57,863 WARNING 'zh-tw' has been deprecated, falling back to 'zh-TW'. This fallback will be removed in a future version.
2026-06-21 07:33:04,301 WARNING 'zh-tw' has been deprecated, falling back to 'zh-TW'. This fallback will be removed in a future version.
2026-06-21 07:33:08,569 WARNING 'zh-tw' has been deprecated, falling back to 'zh-TW'. This fallback will be removed in a future version.
2026-06-21 07:33:15,778 WARNING 'zh-tw' has been deprecated, falling back to 'zh-TW'. This fallback will be removed in a future version.
2026-06-21 07:33:26,655 WARNING 'zh-tw' has been deprecated, falling back to 'zh-TW'. This fallback will be removed in a future version.
2026-06-21 07:33:29,176 WARNING 'zh-tw' has been deprecated, falling back to 'zh-TW'. This fallback will be removed in a future version.
2026-06-21 07:33:38,814 WARNING 'zh-tw' has been deprecated, falling back to 'zh-TW'. This fallback will be removed in a future version.
2026-06-21 07:33:53,353 WARNING 'zh-tw' has been deprecated, falling back to 'zh-TW'. This fallback will be removed in a future version.
2026-06-21 07:34:06,566 WARNING 'zh-tw' has been deprecated, falling back to 'zh-TW'. This fallback will be removed in a future version.
2026-06-21 07:34:25,933 WARNING 'zh-tw' has been deprecated, falling back to 'zh-TW'. This fallback will be removed in a future version.
2026-06-21 07:34:57,303 WARNING 'zh-tw' has been deprecated, falling back to 'zh-TW'. This fallback will be removed in a future version.
2026-06-21 07:35:15,601 WARNING 'zh-tw' has been deprecated, falling back to 'zh-TW'. This fallback will be removed in a future version.
2026-06-21 07:35:48,288 WARNING 'zh-tw' has been deprecated, falling back to 'zh-TW'. This fallback will be removed in a future version.
2026-06-21 07:36:13,402 WARNING 'zh-tw' has been deprecated, falling back to 'zh-TW'. This fallback will be removed in a future version.
2026-06-21 07:36:29,767 WARNING 'zh-tw' has been deprecated, falling back to 'zh-TW'. This fallback will be removed in a future version.
2026-06-21 07:36:44,549 WARNING 'zh-tw' has been deprecated, falling back to 'zh-TW'. This fallback will be removed in a future version.
2026-06-21 07:37:01,743 WARNING 'zh-tw' has been deprecated, falling back to 'zh-TW'. This fallback will be removed in a future version.
2026-06-21 07:37:22,296 WARNING 'zh-tw' has been deprecated, falling back to 'zh-TW'. This fallback will be removed in a future version.
2026-06-21 07:37:38,581 WARNING 'zh-tw' has been deprecated, falling back to 'zh-TW'. This fallback will be removed in a future version.
2026-06-21 07:38:08,856 WARNING 'zh-tw' has been deprecated, falling back to 'zh-TW'. This fallback will be removed in a future version.
2026-06-21 07:38:31,239 WARNING 'zh-tw' has been deprecated, falling back to 'zh-TW'. This fallback will be removed in a future version.
2026-06-21 07:38:56,255 WARNING 'zh-tw' has been deprecated, falling back to 'zh-TW'. This fallback will be removed in a future version.
2026-06-21 07:39:16,497 WARNING 'zh-tw' has been deprecated, falling back to 'zh-TW'. This fallback will be removed in a future version.
2026-06-21 07:39:22,709 WARNING 'zh-tw' has been deprecated, falling back to 'zh-TW'. This fallback will be removed in a future version.
2026-06-21 07:39:40,689 WARNING 'zh-tw' has been deprecated, falling back to 'zh-TW'. This fallback will be removed in a future version.
2026-06-21 07:39:54,216 WARNING 'zh-tw' has been deprecated, falling back to 'zh-TW'. This fallback will be removed in a future version.
2026-06-21 07:40:10,334 WARNING 'zh-tw' has been deprecated, falling back to 'zh-TW'. This fallback will be removed in a future version.
2026-06-21 07:40:19,054 WARNING 'zh-tw' has been deprecated, falling back to 'zh-TW'. This fallback will be removed in a future version.
2026-06-21 07:40:30,910 WARNING 'zh-tw' has been deprecated, falling back to 'zh-TW'. This fallback will be removed in a future version.
2026-06-21 07:40:45,558 WARNING 'zh-tw' has been deprecated, falling back to 'zh-TW'. This fallback will be removed in a future version.
2026-06-21 07:41:04,740 WARNING 'zh-tw' has been deprecated, falling back to 'zh-TW'. This fallback will be removed in a future version.
2026-06-21 07:41:23,840 WARNING 'zh-tw' has been deprecated, falling back to 'zh-TW'. This fallback will be removed in a future version.
2026-06-21 07:41:45,727 WARNING 'zh-tw' has been deprecated, falling back to 'zh-TW'. This fallback will be removed in a future version.
2026-06-21 07:42:02,510 WARNING 'zh-tw' has been deprecated, falling back to 'zh-TW'. This fallback will be removed in a future version.
2026-06-21 07:42:21,428 WARNING 'zh-tw' has been deprecated, falling back to 'zh-TW'. This fallback will be removed in a future version.
2026-06-21 07:42:40,616 WARNING 'zh-tw' has been deprecated, falling back to 'zh-TW'. This fallback will be removed in a future version.
2026-06-21 07:43:04,590 WARNING 'zh-tw' has been deprecated, falling back to 'zh-TW'. This fallback will be removed in a future version.
2026-06-21 07:43:21,943 WARNING 'zh-tw' has been deprecated, falling back to 'zh-TW'. This fallback will be removed in a future version.
2026-06-21 07:43:44,422 WARNING 'zh-tw' has been deprecated, falling back to 'zh-TW'. This fallback will be removed in a future version.
2026-06-21 07:44:03,184 WARNING 'zh-tw' has been deprecated, falling back to 'zh-TW'. This fallback will be removed in a future version.
2026-06-21 07:44:22,132 WARNING 'zh-tw' has been deprecated, falling back to 'zh-TW'. This fallback will be removed in a future version.
2026-06-21 07:44:40,401 WARNING 'zh-tw' has been deprecated, falling back to 'zh-TW'. This fallback will be removed in a future version.
2026-06-21 07:44:55,041 WARNING 'zh-tw' has been deprecated, falling back to 'zh-TW'. This fallback will be removed in a future version.
2026-06-21 07:45:00,684 WARNING 'zh-tw' has been deprecated, falling back to 'zh-TW'. This fallback will be removed in a future version.
2026-06-21 07:45:14,029 WARNING 'zh-tw' has been deprecated, falling back to 'zh-TW'. This fallback will be removed in a future version.
2026-06-21 07:45:27,238 WARNING 'zh-tw' has been deprecated, falling back to 'zh-TW'. This fallback will be removed in a future version.
2026-06-21 07:45:44,444 WARNING 'zh-tw' has been deprecated, falling back to 'zh-TW'. This fallback will be removed in a future version.
2026-06-21 07:45:58,155 WARNING 'zh-tw' has been deprecated, falling back to 'zh-TW'. This fallback will be removed in a future version.
2026-06-21 07:46:13,536 WARNING 'zh-tw' has been deprecated, falling back to 'zh-TW'. This fallback will be removed in a future version.
2026-06-21 07:46:35,844 WARNING 'zh-tw' has been deprecated, falling back to 'zh-TW'. This fallback will be removed in a future version.
2026-06-21 07:46:57,496 WARNING 'zh-tw' has been deprecated, falling back to 'zh-TW'. This fallback will be removed in a future version.
2026-06-21 07:47:18,172 WARNING 'zh-tw' has been deprecated, falling back to 'zh-TW'. This fallback will be removed in a future version.
2026-06-21 07:47:33,980 WARNING 'zh-tw' has been deprecated, falling back to 'zh-TW'. This fallback will be removed in a future version.
2026-06-21 07:47:58,289 WARNING 'zh-tw' has been deprecated, falling back to 'zh-TW'. This fallback will be removed in a future version.
2026-06-21 07:48:13,530 WARNING 'zh-tw' has been deprecated, falling back to 'zh-TW'. This fallback will be removed in a future version.
2026-06-21 07:48:30,869 WARNING 'zh-tw' has been deprecated, falling back to 'zh-TW'. This fallback will be removed in a future version.
2026-06-21 07:48:46,832 WARNING 'zh-tw' has been deprecated, falling back to 'zh-TW'. This fallback will be removed in a future version.
2026-06-21 07:49:00,812 WARNING 'zh-tw' has been deprecated, falling back to 'zh-TW'. This fallback will be removed in a future version.
2026-06-21 07:49:20,977 WARNING 'zh-tw' has been deprecated, falling back to 'zh-TW'. This fallback will be removed in a future version.
2026-06-21 07:49:42,640 WARNING 'zh-tw' has been deprecated, falling back to 'zh-TW'. This fallback will be removed in a future version.
2026-06-21 07:50:07,485 WARNING 'zh-tw' has been deprecated, falling back to 'zh-TW'. This fallback will be removed in a future version.
2026-06-21 07:50:18,175 WARNING 'zh-tw' has been deprecated, falling back to 'zh-TW'. This fallback will be removed in a future version.
2026-06-21 07:50:20,532 WARNING 'zh-tw' has been deprecated, falling back to 'zh-TW'. This fallback will be removed in a future version.
2026-06-21 07:50:30,901 WARNING 'zh-tw' has been deprecated, falling back to 'zh-TW'. This fallback will be removed in a future version.
2026-06-21 07:50:34,243 WARNING 'zh-tw' has been deprecated, falling back to 'zh-TW'. This fallback will be removed in a future version.
2026-06-21 07:50:38,263 WARNING 'zh-tw' has been deprecated, falling back to 'zh-TW'. This fallback will be removed in a future version.
2026-06-21 07:50:45,462 WARNING 'zh-tw' has been deprecated, falling back to 'zh-TW'. This fallback will be removed in a future version.
2026-06-21 07:51:00,248 WARNING 'zh-tw' has been deprecated, falling back to 'zh-TW'. This fallback will be removed in a future version.
2026-06-21 07:51:18,675 WARNING 'zh-tw' has been deprecated, falling back to 'zh-TW'. This fallback will be removed in a future version.
2026-06-21 07:51:30,872 WARNING 'zh-tw' has been deprecated, falling back to 'zh-TW'. This fallback will be removed in a future version.
2026-06-21 07:51:39,960 WARNING 'zh-tw' has been deprecated, falling back to 'zh-TW'. This fallback will be removed in a future version.
2026-06-21 07:51:55,180 WARNING 'zh-tw' has been deprecated, falling back to 'zh-TW'. This fallback will be removed in a future version.
2026-06-21 07:52:10,789 WARNING 'zh-tw' has been deprecated, falling back to 'zh-TW'. This fallback will be removed in a future version.
2026-06-21 07:52:14,014 WARNING 'zh-tw' has been deprecated, falling back to 'zh-TW'. This fallback will be removed in a future version.
2026-06-21 07:52:25,400 WARNING 'zh-tw' has been deprecated, falling back to 'zh-TW'. This fallback will be removed in a future version.
2026-06-21 07:52:42,668 WARNING 'zh-tw' has been deprecated, falling back to 'zh-TW'. This fallback will be removed in a future version.
2026-06-21 07:52:58,638 WARNING 'zh-tw' has been deprecated, falling back to 'zh-TW'. This fallback will be removed in a future version.
2026-06-21 07:53:02,328 WARNING 'zh-tw' has been deprecated, falling back to 'zh-TW'. This fallback will be removed in a future version.
2026-06-21 07:53:17,719 WARNING 'zh-tw' has been deprecated, falling back to 'zh-TW'. This fallback will be removed in a future version.
2026-06-21 07:53:21,290 WARNING 'zh-tw' has been deprecated, falling back to 'zh-TW'. This fallback will be removed in a future version.
2026-06-21 07:53:31,614 WARNING 'zh-tw' has been deprecated, falling back to 'zh-TW'. This fallback will be removed in a future version.
2026-06-21 07:53:43,150 WARNING 'zh-tw' has been deprecated, falling back to 'zh-TW'. This fallback will be removed in a future version.
2026-06-21 07:53:58,725 WARNING 'zh-tw' has been deprecated, falling back to 'zh-TW'. This fallback will be removed in a future version.
2026-06-21 07:54:10,434 WARNING 'zh-tw' has been deprecated, falling back to 'zh-TW'. This fallback will be removed in a future version.
2026-06-21 07:54:22,451 WARNING 'zh-tw' has been deprecated, falling back to 'zh-TW'. This fallback will be removed in a future version.
2026-06-21 07:54:37,628 WARNING 'zh-tw' has been deprecated, falling back to 'zh-TW'. This fallback will be removed in a future version.
2026-06-21 07:54:57,450 WARNING 'zh-tw' has been deprecated, falling back to 'zh-TW'. This fallback will be removed in a future version.
2026-06-21 07:55:20,960 WARNING 'zh-tw' has been deprecated, falling back to 'zh-TW'. This fallback will be removed in a future version.
2026-06-21 07:55:40,789 WARNING 'zh-tw' has been deprecated, falling back to 'zh-TW'. This fallback will be removed in a future version.
2026-06-21 07:55:55,541 WARNING 'zh-tw' has been deprecated, falling back to 'zh-TW'. This fallback will be removed in a future version.
2026-06-21 07:55:59,859 WARNING 'zh-tw' has been deprecated, falling back to 'zh-TW'. This fallback will be removed in a future version.
2026-06-21 07:56:09,668 WARNING 'zh-tw' has been deprecated, falling back to 'zh-TW'. This fallback will be removed in a future version.
2026-06-21 07:56:29,259 WARNING 'zh-tw' has been deprecated, falling back to 'zh-TW'. This fallback will be removed in a future version.
2026-06-21 07:56:44,996 WARNING 'zh-tw' has been deprecated, falling back to 'zh-TW'. This fallback will be removed in a future version.
2026-06-21 07:56:59,279 WARNING 'zh-tw' has been deprecated, falling back to 'zh-TW'. This fallback will be removed in a future version.
2026-06-21 07:57:14,634 WARNING 'zh-tw' has been deprecated, falling back to 'zh-TW'. This fallback will be removed in a future version.
2026-06-21 07:57:24,380 WARNING 'zh-tw' has been deprecated, falling back to 'zh-TW'. This fallback will be removed in a future version.
2026-06-21 07:57:37,595 WARNING 'zh-tw' has been deprecated, falling back to 'zh-TW'. This fallback will be removed in a future version.
2026-06-21 07:57:55,930 WARNING 'zh-tw' has been deprecated, falling back to 'zh-TW'. This fallback will be removed in a future version.
2026-06-21 07:58:08,988 WARNING 'zh-tw' has been deprecated, falling back to 'zh-TW'. This fallback will be removed in a future version.
2026-06-21 07:58:25,520 WARNING 'zh-tw' has been deprecated, falling back to 'zh-TW'. This fallback will be removed in a future version.
2026-06-21 07:58:49,481 WARNING 'zh-tw' has been deprecated, falling back to 'zh-TW'. This fallback will be removed in a future version.
2026-06-21 07:58:59,650 WARNING 'zh-tw' has been deprecated, falling back to 'zh-TW'. This fallback will be removed in a future version.
2026-06-21 07:59:12,369 WARNING 'zh-tw' has been deprecated, falling back to 'zh-TW'. This fallback will be removed in a future version.
2026-06-21 07:59:24,584 WARNING 'zh-tw' has been deprecated, falling back to 'zh-TW'. This fallback will be removed in a future version.
2026-06-21 07:59:31,686 WARNING 'zh-tw' has been deprecated, falling back to 'zh-TW'. This fallback will be removed in a future version.
2026-06-21 07:59:46,944 WARNING 'zh-tw' has been deprecated, falling back to 'zh-TW'. This fallback will be removed in a future version.
2026-06-21 08:00:03,608 WARNING 'zh-tw' has been deprecated, falling back to 'zh-TW'. This fallback will be removed in a future version.
2026-06-21 08:00:31,545 WARNING 'zh-tw' has been deprecated, falling back to 'zh-TW'. This fallback will be removed in a future version.
2026-06-21 08:00:41,147 WARNING 'zh-tw' has been deprecated, falling back to 'zh-TW'. This fallback will be removed in a future version.
2026-06-21 08:00:54,678 WARNING 'zh-tw' has been deprecated, falling back to 'zh-TW'. This fallback will be removed in a future version.
2026-06-21 08:01:10,327 WARNING 'zh-tw' has been deprecated, falling back to 'zh-TW'. This fallback will be removed in a future version.
2026-06-21 08:01:23,147 WARNING 'zh-tw' has been deprecated, falling back to 'zh-TW'. This fallback will be removed in a future version.
2026-06-21 08:01:45,554 WARNING 'zh-tw' has been deprecated, falling back to 'zh-TW'. This fallback will be removed in a future version.
2026-06-21 08:02:00,062 WARNING 'zh-tw' has been deprecated, falling back to 'zh-TW'. This fallback will be removed in a future version.
2026-06-21 08:02:19,737 WARNING 'zh-tw' has been deprecated, falling back to 'zh-TW'. This fallback will be removed in a future version.
2026-06-21 08:02:31,197 WARNING 'zh-tw' has been deprecated, falling back to 'zh-TW'. This fallback will be removed in a future version.
2026-06-21 08:02:50,583 WARNING 'zh-tw' has been deprecated, falling back to 'zh-TW'. This fallback will be removed in a future version.
2026-06-21 08:03:06,902 WARNING 'zh-tw' has been deprecated, falling back to 'zh-TW'. This fallback will be removed in a future version.
2026-06-21 08:03:24,044 WARNING 'zh-tw' has been deprecated, falling back to 'zh-TW'. This fallback will be removed in a future version.
2026-06-21 08:03:34,704 INFO Concatenating 122 clips -> C:\Users\manpo\OneDrive\桌面\114下學期期末考_全考點電視播送版.mp4
2026-06-21 08:03:50,869 INFO Done! TV Full Video Generated without RAM issues.
2026-06-21 09:03:45,458 INFO Generating FULL TV study video clips (FFmpeg direct mode to avoid RAM OOM)...
2026-06-21 09:03:45,461 WARNING 'zh-tw' has been deprecated, falling back to 'zh-TW'. This fallback will be removed in a future version.
2026-06-21 09:03:49,354 WARNING 'zh-tw' has been deprecated, falling back to 'zh-TW'. This fallback will be removed in a future version.
2026-06-21 09:03:51,731 WARNING 'zh-tw' has been deprecated, falling back to 'zh-TW'. This fallback will be removed in a future version.
2026-06-21 09:03:56,055 WARNING 'zh-tw' has been deprecated, falling back to 'zh-TW'. This fallback will be removed in a future version.
2026-06-21 09:04:00,463 WARNING 'zh-tw' has been deprecated, falling back to 'zh-TW'. This fallback will be removed in a future version.
2026-06-21 09:04:03,575 WARNING 'zh-tw' has been deprecated, falling back to 'zh-TW'. This fallback will be removed in a future version.
2026-06-21 09:04:05,563 WARNING 'zh-tw' has been deprecated, falling back to 'zh-TW'. This fallback will be removed in a future version.
2026-06-21 09:04:07,581 WARNING 'zh-tw' has been deprecated, falling back to 'zh-TW'. This fallback will be removed in a future version.
2026-06-21 09:04:12,433 WARNING 'zh-tw' has been deprecated, falling back to 'zh-TW'. This fallback will be removed in a future version.
2026-06-21 09:04:18,018 WARNING 'zh-tw' has been deprecated, falling back to 'zh-TW'. This fallback will be removed in a future version.
2026-06-21 09:04:25,621 WARNING 'zh-tw' has been deprecated, falling back to 'zh-TW'. This fallback will be removed in a future version.
2026-06-21 09:04:35,513 WARNING 'zh-tw' has been deprecated, falling back to 'zh-TW'. This fallback will be removed in a future version.
2026-06-21 09:04:43,416 WARNING 'zh-tw' has been deprecated, falling back to 'zh-TW'. This fallback will be removed in a future version.
2026-06-21 09:04:47,239 WARNING 'zh-tw' has been deprecated, falling back to 'zh-TW'. This fallback will be removed in a future version.
2026-06-21 09:04:56,399 WARNING 'zh-tw' has been deprecated, falling back to 'zh-TW'. This fallback will be removed in a future version.
2026-06-21 09:05:00,412 WARNING 'zh-tw' has been deprecated, falling back to 'zh-TW'. This fallback will be removed in a future version.
2026-06-21 09:05:14,565 WARNING 'zh-tw' has been deprecated, falling back to 'zh-TW'. This fallback will be removed in a future version.
2026-06-21 09:05:20,081 WARNING 'zh-tw' has been deprecated, falling back to 'zh-TW'. This fallback will be removed in a future version.
2026-06-21 09:05:23,668 WARNING 'zh-tw' has been deprecated, falling back to 'zh-TW'. This fallback will be removed in a future version.
2026-06-21 09:05:27,313 WARNING 'zh-tw' has been deprecated, falling back to 'zh-TW'. This fallback will be removed in a future version.
2026-06-21 09:05:36,211 WARNING 'zh-tw' has been deprecated, falling back to 'zh-TW'. This fallback will be removed in a future version.
2026-06-21 09:05:52,123 WARNING 'zh-tw' has been deprecated, falling back to 'zh-TW'. This fallback will be removed in a future version.
2026-06-21 09:06:03,740 WARNING 'zh-tw' has been deprecated, falling back to 'zh-TW'. This fallback will be removed in a future version.
2026-06-21 09:06:14,007 WARNING 'zh-tw' has been deprecated, falling back to 'zh-TW'. This fallback will be removed in a future version.
2026-06-21 09:06:19,330 WARNING 'zh-tw' has been deprecated, falling back to 'zh-TW'. This fallback will be removed in a future version.
2026-06-21 09:06:33,714 WARNING 'zh-tw' has been deprecated, falling back to 'zh-TW'. This fallback will be removed in a future version.
2026-06-21 09:06:38,720 WARNING 'zh-tw' has been deprecated, falling back to 'zh-TW'. This fallback will be removed in a future version.
2026-06-21 09:06:49,823 WARNING 'zh-tw' has been deprecated, falling back to 'zh-TW'. This fallback will be removed in a future version.
2026-06-21 09:07:02,736 WARNING 'zh-tw' has been deprecated, falling back to 'zh-TW'. This fallback will be removed in a future version.
2026-06-21 09:07:24,764 WARNING 'zh-tw' has been deprecated, falling back to 'zh-TW'. This fallback will be removed in a future version.
2026-06-21 09:07:36,045 WARNING 'zh-tw' has been deprecated, falling back to 'zh-TW'. This fallback will be removed in a future version.
2026-06-21 09:07:40,819 WARNING 'zh-tw' has been deprecated, falling back to 'zh-TW'. This fallback will be removed in a future version.
2026-06-21 09:07:52,068 WARNING 'zh-tw' has been deprecated, falling back to 'zh-TW'. This fallback will be removed in a future version.
2026-06-21 09:08:08,169 WARNING 'zh-tw' has been deprecated, falling back to 'zh-TW'. This fallback will be removed in a future version.
2026-06-21 09:08:21,234 WARNING 'zh-tw' has been deprecated, falling back to 'zh-TW'. This fallback will be removed in a future version.
2026-06-21 09:08:26,708 WARNING 'zh-tw' has been deprecated, falling back to 'zh-TW'. This fallback will be removed in a future version.
2026-06-21 09:08:33,708 WARNING 'zh-tw' has been deprecated, falling back to 'zh-TW'. This fallback will be removed in a future version.
2026-06-21 09:08:49,925 WARNING 'zh-tw' has been deprecated, falling back to 'zh-TW'. This fallback will be removed in a future version.
2026-06-21 09:09:04,659 WARNING 'zh-tw' has been deprecated, falling back to 'zh-TW'. This fallback will be removed in a future version.
2026-06-21 09:09:10,082 WARNING 'zh-tw' has been deprecated, falling back to 'zh-TW'. This fallback will be removed in a future version.
2026-06-21 09:09:30,921 WARNING 'zh-tw' has been deprecated, falling back to 'zh-TW'. This fallback will be removed in a future version.
2026-06-21 09:09:35,911 WARNING 'zh-tw' has been deprecated, falling back to 'zh-TW'. This fallback will be removed in a future version.
2026-06-21 09:09:52,038 WARNING 'zh-tw' has been deprecated, falling back to 'zh-TW'. This fallback will be removed in a future version.
2026-06-21 09:10:09,683 WARNING 'zh-tw' has been deprecated, falling back to 'zh-TW'. This fallback will be removed in a future version.
2026-06-21 09:10:22,747 WARNING 'zh-tw' has been deprecated, falling back to 'zh-TW'. This fallback will be removed in a future version.
2026-06-21 09:10:46,981 WARNING 'zh-tw' has been deprecated, falling back to 'zh-TW'. This fallback will be removed in a future version.
2026-06-21 09:10:52,086 INFO Concatenating 46 clips -> C:\Users\manpo\OneDrive\桌面\114下學期期末考_全考點電視播送版.mp4
2026-06-21 09:11:00,974 INFO Done! TV Full Video Generated without RAM issues.
2026-06-21 09:21:22,858 INFO Generating FULL TV study video clips (FFmpeg direct mode to avoid RAM OOM)...
2026-06-21 09:21:22,860 WARNING 'zh-tw' has been deprecated, falling back to 'zh-TW'. This fallback will be removed in a future version.
2026-06-21 09:21:25,004 WARNING 'zh-tw' has been deprecated, falling back to 'zh-TW'. This fallback will be removed in a future version.
2026-06-21 09:21:29,586 WARNING 'zh-tw' has been deprecated, falling back to 'zh-TW'. This fallback will be removed in a future version.
2026-06-21 09:21:34,787 WARNING 'zh-tw' has been deprecated, falling back to 'zh-TW'. This fallback will be removed in a future version.
2026-06-21 09:21:38,988 WARNING 'zh-tw' has been deprecated, falling back to 'zh-TW'. This fallback will be removed in a future version.
2026-06-21 09:21:41,134 WARNING 'zh-tw' has been deprecated, falling back to 'zh-TW'. This fallback will be removed in a future version.
2026-06-21 09:21:43,414 WARNING 'zh-tw' has been deprecated, falling back to 'zh-TW'. This fallback will be removed in a future version.
2026-06-21 09:21:46,522 WARNING 'zh-tw' has been deprecated, falling back to 'zh-TW'. This fallback will be removed in a future version.
2026-06-21 09:21:51,844 WARNING 'zh-tw' has been deprecated, falling back to 'zh-TW'. This fallback will be removed in a future version.
2026-06-21 09:21:54,544 WARNING 'zh-tw' has been deprecated, falling back to 'zh-TW'. This fallback will be removed in a future version.
2026-06-21 09:22:00,632 WARNING 'zh-tw' has been deprecated, falling back to 'zh-TW'. This fallback will be removed in a future version.
2026-06-21 09:22:08,575 WARNING 'zh-tw' has been deprecated, falling back to 'zh-TW'. This fallback will be removed in a future version.
2026-06-21 09:22:12,164 WARNING 'zh-tw' has been deprecated, falling back to 'zh-TW'. This fallback will be removed in a future version.
2026-06-21 09:22:20,071 WARNING 'zh-tw' has been deprecated, falling back to 'zh-TW'. This fallback will be removed in a future version.
2026-06-21 09:22:28,992 WARNING 'zh-tw' has been deprecated, falling back to 'zh-TW'. This fallback will be removed in a future version.
2026-06-21 09:22:37,263 WARNING 'zh-tw' has been deprecated, falling back to 'zh-TW'. This fallback will be removed in a future version.
2026-06-21 09:22:43,810 WARNING 'zh-tw' has been deprecated, falling back to 'zh-TW'. This fallback will be removed in a future version.
2026-06-21 09:22:46,787 WARNING 'zh-tw' has been deprecated, falling back to 'zh-TW'. This fallback will be removed in a future version.
2026-06-21 09:22:59,063 WARNING 'zh-tw' has been deprecated, falling back to 'zh-TW'. This fallback will be removed in a future version.
2026-06-21 09:23:01,488 WARNING 'zh-tw' has been deprecated, falling back to 'zh-TW'. This fallback will be removed in a future version.
2026-06-21 09:23:03,792 WARNING 'zh-tw' has been deprecated, falling back to 'zh-TW'. This fallback will be removed in a future version.
2026-06-21 09:23:13,102 WARNING 'zh-tw' has been deprecated, falling back to 'zh-TW'. This fallback will be removed in a future version.
2026-06-21 09:23:25,615 WARNING 'zh-tw' has been deprecated, falling back to 'zh-TW'. This fallback will be removed in a future version.
2026-06-21 09:23:30,977 WARNING 'zh-tw' has been deprecated, falling back to 'zh-TW'. This fallback will be removed in a future version.
2026-06-21 09:23:41,871 WARNING 'zh-tw' has been deprecated, falling back to 'zh-TW'. This fallback will be removed in a future version.
2026-06-21 09:23:45,598 WARNING 'zh-tw' has been deprecated, falling back to 'zh-TW'. This fallback will be removed in a future version.
2026-06-21 09:23:59,034 WARNING 'zh-tw' has been deprecated, falling back to 'zh-TW'. This fallback will be removed in a future version.
2026-06-21 09:24:12,435 WARNING 'zh-tw' has been deprecated, falling back to 'zh-TW'. This fallback will be removed in a future version.
2026-06-21 09:24:16,067 WARNING 'zh-tw' has been deprecated, falling back to 'zh-TW'. This fallback will be removed in a future version.
2026-06-21 09:24:31,526 WARNING 'zh-tw' has been deprecated, falling back to 'zh-TW'. This fallback will be removed in a future version.
2026-06-21 09:24:48,341 WARNING 'zh-tw' has been deprecated, falling back to 'zh-TW'. This fallback will be removed in a future version.
2026-06-21 09:25:03,267 WARNING 'zh-tw' has been deprecated, falling back to 'zh-TW'. This fallback will be removed in a future version.
2026-06-21 09:25:19,834 WARNING 'zh-tw' has been deprecated, falling back to 'zh-TW'. This fallback will be removed in a future version.
2026-06-21 09:25:25,305 WARNING 'zh-tw' has been deprecated, falling back to 'zh-TW'. This fallback will be removed in a future version.
2026-06-21 09:25:29,140 WARNING 'zh-tw' has been deprecated, falling back to 'zh-TW'. This fallback will be removed in a future version.
2026-06-21 09:25:32,947 WARNING 'zh-tw' has been deprecated, falling back to 'zh-TW'. This fallback will be removed in a future version.
2026-06-21 09:25:35,981 WARNING 'zh-tw' has been deprecated, falling back to 'zh-TW'. This fallback will be removed in a future version.
2026-06-21 09:25:45,639 WARNING 'zh-tw' has been deprecated, falling back to 'zh-TW'. This fallback will be removed in a future version.
2026-06-21 09:25:59,982 WARNING 'zh-tw' has been deprecated, falling back to 'zh-TW'. This fallback will be removed in a future version.
2026-06-21 09:26:12,687 WARNING 'zh-tw' has been deprecated, falling back to 'zh-TW'. This fallback will be removed in a future version.
2026-06-21 09:26:33,903 WARNING 'zh-tw' has been deprecated, falling back to 'zh-TW'. This fallback will be removed in a future version.
2026-06-21 09:26:47,982 WARNING 'zh-tw' has been deprecated, falling back to 'zh-TW'. This fallback will be removed in a future version.
2026-06-21 09:26:58,052 WARNING 'zh-tw' has been deprecated, falling back to 'zh-TW'. This fallback will be removed in a future version.
2026-06-21 09:27:02,698 WARNING 'zh-tw' has been deprecated, falling back to 'zh-TW'. This fallback will be removed in a future version.
2026-06-21 09:27:05,484 WARNING 'zh-tw' has been deprecated, falling back to 'zh-TW'. This fallback will be removed in a future version.
2026-06-21 09:27:14,527 WARNING 'zh-tw' has been deprecated, falling back to 'zh-TW'. This fallback will be removed in a future version.
2026-06-21 09:27:31,788 WARNING 'zh-tw' has been deprecated, falling back to 'zh-TW'. This fallback will be removed in a future version.
2026-06-21 09:27:43,617 WARNING 'zh-tw' has been deprecated, falling back to 'zh-TW'. This fallback will be removed in a future version.
2026-06-21 09:27:52,584 WARNING 'zh-tw' has been deprecated, falling back to 'zh-TW'. This fallback will be removed in a future version.
2026-06-21 09:28:08,501 WARNING 'zh-tw' has been deprecated, falling back to 'zh-TW'. This fallback will be removed in a future version.
2026-06-21 09:28:17,497 WARNING 'zh-tw' has been deprecated, falling back to 'zh-TW'. This fallback will be removed in a future version.
2026-06-21 09:28:20,808 WARNING 'zh-tw' has been deprecated, falling back to 'zh-TW'. This fallback will be removed in a future version.
2026-06-21 09:28:24,608 WARNING 'zh-tw' has been deprecated, falling back to 'zh-TW'. This fallback will be removed in a future version.
2026-06-21 09:28:28,211 WARNING 'zh-tw' has been deprecated, falling back to 'zh-TW'. This fallback will be removed in a future version.
2026-06-21 09:28:46,075 WARNING 'zh-tw' has been deprecated, falling back to 'zh-TW'. This fallback will be removed in a future version.
2026-06-21 09:28:50,574 WARNING 'zh-tw' has been deprecated, falling back to 'zh-TW'. This fallback will be removed in a future version.
2026-06-21 09:29:01,188 WARNING 'zh-tw' has been deprecated, falling back to 'zh-TW'. This fallback will be removed in a future version.
2026-06-21 09:29:12,163 WARNING 'zh-tw' has been deprecated, falling back to 'zh-TW'. This fallback will be removed in a future version.
2026-06-21 09:29:14,532 WARNING 'zh-tw' has been deprecated, falling back to 'zh-TW'. This fallback will be removed in a future version.
2026-06-21 09:29:17,780 WARNING 'zh-tw' has been deprecated, falling back to 'zh-TW'. This fallback will be removed in a future version.
2026-06-21 09:29:33,165 WARNING 'zh-tw' has been deprecated, falling back to 'zh-TW'. This fallback will be removed in a future version.
2026-06-21 09:29:42,248 WARNING 'zh-tw' has been deprecated, falling back to 'zh-TW'. This fallback will be removed in a future version.
2026-06-21 09:29:55,766 WARNING 'zh-tw' has been deprecated, falling back to 'zh-TW'. This fallback will be removed in a future version.
2026-06-21 09:30:12,747 WARNING 'zh-tw' has been deprecated, falling back to 'zh-TW'. This fallback will be removed in a future version.
2026-06-21 09:30:22,572 WARNING 'zh-tw' has been deprecated, falling back to 'zh-TW'. This fallback will be removed in a future version.
2026-06-21 09:30:33,807 WARNING 'zh-tw' has been deprecated, falling back to 'zh-TW'. This fallback will be removed in a future version.
2026-06-21 09:30:48,822 WARNING 'zh-tw' has been deprecated, falling back to 'zh-TW'. This fallback will be removed in a future version.
2026-06-21 09:30:58,307 WARNING 'zh-tw' has been deprecated, falling back to 'zh-TW'. This fallback will be removed in a future version.
2026-06-21 09:31:01,778 WARNING 'zh-tw' has been deprecated, falling back to 'zh-TW'. This fallback will be removed in a future version.
2026-06-21 09:31:04,078 INFO Concatenating 69 clips -> C:\Users\manpo\OneDrive\桌面\114下學期期末考_全考點電視播送版.mp4
2026-06-21 09:31:13,304 INFO Done! TV Full Video Generated without RAM issues.
2026-06-21 10:00:54,760 INFO Generating FULL TV study video clips (FFmpeg direct mode to avoid RAM OOM)...
2026-06-21 10:00:54,761 WARNING 'zh-tw' has been deprecated, falling back to 'zh-TW'. This fallback will be removed in a future version.
2026-06-21 10:00:56,720 WARNING 'zh-tw' has been deprecated, falling back to 'zh-TW'. This fallback will be removed in a future version.
2026-06-21 10:01:01,075 WARNING 'zh-tw' has been deprecated, falling back to 'zh-TW'. This fallback will be removed in a future version.
2026-06-21 10:01:10,904 WARNING 'zh-tw' has been deprecated, falling back to 'zh-TW'. This fallback will be removed in a future version.
2026-06-21 10:01:22,255 WARNING 'zh-tw' has been deprecated, falling back to 'zh-TW'. This fallback will be removed in a future version.
2026-06-21 10:01:26,423 WARNING 'zh-tw' has been deprecated, falling back to 'zh-TW'. This fallback will be removed in a future version.
2026-06-21 10:01:30,009 WARNING 'zh-tw' has been deprecated, falling back to 'zh-TW'. This fallback will be removed in a future version.
2026-06-21 10:01:32,771 WARNING 'zh-tw' has been deprecated, falling back to 'zh-TW'. This fallback will be removed in a future version.
2026-06-21 10:01:42,646 WARNING 'zh-tw' has been deprecated, falling back to 'zh-TW'. This fallback will be removed in a future version.
2026-06-21 10:01:46,563 WARNING 'zh-tw' has been deprecated, falling back to 'zh-TW'. This fallback will be removed in a future version.
2026-06-21 10:01:52,752 WARNING 'zh-tw' has been deprecated, falling back to 'zh-TW'. This fallback will be removed in a future version.
2026-06-21 10:02:00,478 WARNING 'zh-tw' has been deprecated, falling back to 'zh-TW'. This fallback will be removed in a future version.
2026-06-21 10:02:05,207 WARNING 'zh-tw' has been deprecated, falling back to 'zh-TW'. This fallback will be removed in a future version.
2026-06-21 10:02:15,437 WARNING 'zh-tw' has been deprecated, falling back to 'zh-TW'. This fallback will be removed in a future version.
2026-06-21 10:02:26,172 WARNING 'zh-tw' has been deprecated, falling back to 'zh-TW'. This fallback will be removed in a future version.
2026-06-21 10:02:39,456 WARNING 'zh-tw' has been deprecated, falling back to 'zh-TW'. This fallback will be removed in a future version.
2026-06-21 10:02:49,029 WARNING 'zh-tw' has been deprecated, falling back to 'zh-TW'. This fallback will be removed in a future version.
2026-06-21 10:02:52,572 WARNING 'zh-tw' has been deprecated, falling back to 'zh-TW'. This fallback will be removed in a future version.
2026-06-21 10:03:11,737 WARNING 'zh-tw' has been deprecated, falling back to 'zh-TW'. This fallback will be removed in a future version.
2026-06-21 10:03:16,277 WARNING 'zh-tw' has been deprecated, falling back to 'zh-TW'. This fallback will be removed in a future version.
2026-06-21 10:03:20,974 WARNING 'zh-tw' has been deprecated, falling back to 'zh-TW'. This fallback will be removed in a future version.
2026-06-21 10:03:34,220 WARNING 'zh-tw' has been deprecated, falling back to 'zh-TW'. This fallback will be removed in a future version.
2026-06-21 10:03:52,945 WARNING 'zh-tw' has been deprecated, falling back to 'zh-TW'. This fallback will be removed in a future version.
2026-06-21 10:04:01,713 WARNING 'zh-tw' has been deprecated, falling back to 'zh-TW'. This fallback will be removed in a future version.
2026-06-21 10:04:23,094 WARNING 'zh-tw' has been deprecated, falling back to 'zh-TW'. This fallback will be removed in a future version.
2026-06-21 10:04:30,523 WARNING 'zh-tw' has been deprecated, falling back to 'zh-TW'. This fallback will be removed in a future version.
2026-06-21 10:04:48,058 WARNING 'zh-tw' has been deprecated, falling back to 'zh-TW'. This fallback will be removed in a future version.
2026-06-21 10:05:07,176 WARNING 'zh-tw' has been deprecated, falling back to 'zh-TW'. This fallback will be removed in a future version.
2026-06-21 10:05:11,617 WARNING 'zh-tw' has been deprecated, falling back to 'zh-TW'. This fallback will be removed in a future version.
2026-06-21 10:05:25,091 WARNING 'zh-tw' has been deprecated, falling back to 'zh-TW'. This fallback will be removed in a future version.
2026-06-21 10:05:40,914 WARNING 'zh-tw' has been deprecated, falling back to 'zh-TW'. This fallback will be removed in a future version.
2026-06-21 10:05:57,321 WARNING 'zh-tw' has been deprecated, falling back to 'zh-TW'. This fallback will be removed in a future version.
2026-06-21 10:06:08,011 WARNING 'zh-tw' has been deprecated, falling back to 'zh-TW'. This fallback will be removed in a future version.
2026-06-21 10:06:13,751 WARNING 'zh-tw' has been deprecated, falling back to 'zh-TW'. This fallback will be removed in a future version.
2026-06-21 10:06:22,879 WARNING 'zh-tw' has been deprecated, falling back to 'zh-TW'. This fallback will be removed in a future version.
2026-06-21 10:06:30,154 WARNING 'zh-tw' has been deprecated, falling back to 'zh-TW'. This fallback will be removed in a future version.
2026-06-21 10:06:33,949 WARNING 'zh-tw' has been deprecated, falling back to 'zh-TW'. This fallback will be removed in a future version.
2026-06-21 10:06:45,729 WARNING 'zh-tw' has been deprecated, falling back to 'zh-TW'. This fallback will be removed in a future version.
2026-06-21 10:07:00,154 WARNING 'zh-tw' has been deprecated, falling back to 'zh-TW'. This fallback will be removed in a future version.
2026-06-21 10:07:14,953 WARNING 'zh-tw' has been deprecated, falling back to 'zh-TW'. This fallback will be removed in a future version.
2026-06-21 10:07:37,875 WARNING 'zh-tw' has been deprecated, falling back to 'zh-TW'. This fallback will be removed in a future version.
2026-06-21 10:07:45,416 WARNING 'zh-tw' has been deprecated, falling back to 'zh-TW'. This fallback will be removed in a future version.
2026-06-21 10:07:57,767 WARNING 'zh-tw' has been deprecated, falling back to 'zh-TW'. This fallback will be removed in a future version.
2026-06-21 10:08:01,944 WARNING 'zh-tw' has been deprecated, falling back to 'zh-TW'. This fallback will be removed in a future version.
2026-06-21 10:08:05,085 WARNING 'zh-tw' has been deprecated, falling back to 'zh-TW'. This fallback will be removed in a future version.
2026-06-21 10:08:18,095 WARNING 'zh-tw' has been deprecated, falling back to 'zh-TW'. This fallback will be removed in a future version.
2026-06-21 10:08:35,126 WARNING 'zh-tw' has been deprecated, falling back to 'zh-TW'. This fallback will be removed in a future version.
2026-06-21 10:08:53,643 WARNING 'zh-tw' has been deprecated, falling back to 'zh-TW'. This fallback will be removed in a future version.
2026-06-21 10:09:06,735 WARNING 'zh-tw' has been deprecated, falling back to 'zh-TW'. This fallback will be removed in a future version.
2026-06-21 10:09:17,426 WARNING 'zh-tw' has been deprecated, falling back to 'zh-TW'. This fallback will be removed in a future version.
2026-06-21 10:09:23,083 WARNING 'zh-tw' has been deprecated, falling back to 'zh-TW'. This fallback will be removed in a future version.
2026-06-21 10:09:45,404 WARNING 'zh-tw' has been deprecated, falling back to 'zh-TW'. This fallback will be removed in a future version.
2026-06-21 10:10:00,836 WARNING 'zh-tw' has been deprecated, falling back to 'zh-TW'. This fallback will be removed in a future version.
2026-06-21 10:10:15,937 WARNING 'zh-tw' has been deprecated, falling back to 'zh-TW'. This fallback will be removed in a future version.
2026-06-21 10:11:02,517 WARNING 'zh-tw' has been deprecated, falling back to 'zh-TW'. This fallback will be removed in a future version.
2026-06-21 10:11:12,640 WARNING 'zh-tw' has been deprecated, falling back to 'zh-TW'. This fallback will be removed in a future version.
2026-06-21 10:11:44,452 WARNING 'zh-tw' has been deprecated, falling back to 'zh-TW'. This fallback will be removed in a future version.
2026-06-21 10:12:12,377 WARNING 'zh-tw' has been deprecated, falling back to 'zh-TW'. This fallback will be removed in a future version.
2026-06-21 10:12:24,468 WARNING 'zh-tw' has been deprecated, falling back to 'zh-TW'. This fallback will be removed in a future version.
2026-06-21 10:12:33,069 WARNING 'zh-tw' has been deprecated, falling back to 'zh-TW'. This fallback will be removed in a future version.
2026-06-21 10:13:07,966 WARNING 'zh-tw' has been deprecated, falling back to 'zh-TW'. This fallback will be removed in a future version.
2026-06-21 10:13:37,529 WARNING 'zh-tw' has been deprecated, falling back to 'zh-TW'. This fallback will be removed in a future version.
2026-06-21 10:14:16,935 WARNING 'zh-tw' has been deprecated, falling back to 'zh-TW'. This fallback will be removed in a future version.
2026-06-21 10:14:56,340 WARNING 'zh-tw' has been deprecated, falling back to 'zh-TW'. This fallback will be removed in a future version.
2026-06-21 10:15:18,305 WARNING 'zh-tw' has been deprecated, falling back to 'zh-TW'. This fallback will be removed in a future version.
2026-06-21 10:15:58,403 WARNING 'zh-tw' has been deprecated, falling back to 'zh-TW'. This fallback will be removed in a future version.
2026-06-21 10:16:34,016 WARNING 'zh-tw' has been deprecated, falling back to 'zh-TW'. This fallback will be removed in a future version.
2026-06-21 10:16:54,246 WARNING 'zh-tw' has been deprecated, falling back to 'zh-TW'. This fallback will be removed in a future version.
2026-06-21 10:17:03,738 WARNING 'zh-tw' has been deprecated, falling back to 'zh-TW'. This fallback will be removed in a future version.
2026-06-21 10:17:10,322 INFO Concatenating 69 clips -> C:\Users\manpo\OneDrive\桌面\114下學期期末考_全考點電視播送版.mp4
2026-06-21 10:17:34,365 INFO Done! TV Full Video Generated without RAM issues.
2026-06-21 10:39:28,598 INFO 處理章節: 第六章：性別醫學
2026-06-21 10:39:29,308 INFO 生成片段 [0_0]: duration=4.89s
2026-06-21 10:39:30,044 INFO 生成片段 [0_1]: duration=12.43s
2026-06-21 10:39:32,021 INFO 生成片段 [0_2]: duration=15.45s
2026-06-21 10:39:35,957 INFO 生成片段 [0_3]: duration=15.68s
2026-06-21 10:39:36,654 INFO 生成片段 [0_4]: duration=7.23s
2026-06-21 10:39:37,563 INFO 生成片段 [0_5]: duration=7.66s
2026-06-21 10:39:38,090 INFO 生成片段 [0_6]: duration=5.47s
2026-06-21 10:39:38,835 INFO 生成片段 [0_7]: duration=13.91s
2026-06-21 10:39:39,544 INFO 生成片段 [0_8]: duration=8.65s
2026-06-21 10:39:40,216 INFO 生成片段 [0_9]: duration=10.11s
2026-06-21 10:39:40,899 INFO 生成片段 [0_10]: duration=10.25s
2026-06-21 10:39:41,552 INFO 生成片段 [0_11]: duration=8.85s
2026-06-21 10:39:43,244 INFO 生成片段 [0_12]: duration=17.10s
2026-06-21 10:39:44,384 INFO 生成片段 [0_13]: duration=16.96s
2026-06-21 10:39:45,204 INFO 生成片段 [0_14]: duration=11.61s
2026-06-21 10:39:49,823 INFO 生成片段 [0_15]: duration=9.24s
2026-06-21 10:39:50,262 INFO 生成片段 [0_16]: duration=3.88s
2026-06-21 10:39:52,939 INFO 生成片段 [0_17]: duration=24.20s
2026-06-21 10:39:53,354 INFO 生成片段 [0_18]: duration=2.88s
2026-06-21 10:39:53,354 INFO 處理章節: 第七章：臺灣多元族群
2026-06-21 10:39:54,003 INFO 生成片段 [1_0]: duration=4.39s
2026-06-21 10:39:54,784 INFO 生成片段 [1_1]: duration=14.38s
2026-06-21 10:39:55,412 INFO 生成片段 [1_2]: duration=13.62s
2026-06-21 10:39:56,177 INFO 生成片段 [1_3]: duration=9.29s
2026-06-21 10:39:57,013 INFO 生成片段 [1_4]: duration=17.21s
2026-06-21 10:39:57,706 INFO 生成片段 [1_5]: duration=6.98s
2026-06-21 10:39:58,526 INFO 生成片段 [1_6]: duration=13.92s
2026-06-21 10:39:59,337 INFO 生成片段 [1_7]: duration=12.75s
2026-06-21 10:39:59,337 INFO 處理章節: 第八章：社會污名與心理健康
2026-06-21 10:39:59,913 INFO 生成片段 [2_0]: duration=4.44s
2026-06-21 10:40:00,716 INFO 生成片段 [2_1]: duration=15.06s
2026-06-21 10:40:01,578 INFO 生成片段 [2_2]: duration=17.17s
2026-06-21 10:40:02,609 INFO 生成片段 [2_3]: duration=18.08s
2026-06-21 10:40:03,393 INFO 生成片段 [2_4]: duration=11.37s
2026-06-21 10:40:04,013 INFO 生成片段 [2_5]: duration=9.14s
2026-06-21 10:40:04,687 INFO 生成片段 [2_6]: duration=8.68s
2026-06-21 10:40:05,295 INFO 生成片段 [2_7]: duration=7.90s
2026-06-21 10:40:05,295 INFO 處理章節: 第九章：性別教育與弱勢族群
2026-06-21 10:40:05,917 INFO 生成片段 [3_0]: duration=4.66s
2026-06-21 10:40:06,542 INFO 生成片段 [3_1]: duration=11.66s
2026-06-21 10:40:07,374 INFO 生成片段 [3_2]: duration=13.12s
2026-06-21 10:40:08,294 INFO 生成片段 [3_3]: duration=13.10s
2026-06-21 10:40:12,093 INFO 生成片段 [3_4]: duration=26.59s
2026-06-21 10:40:12,814 INFO 生成片段 [3_5]: duration=9.74s
2026-06-21 10:40:13,567 INFO 生成片段 [3_6]: duration=12.34s
2026-06-21 10:40:14,210 INFO 生成片段 [3_7]: duration=7.66s
2026-06-21 10:40:14,210 INFO 處理章節: 第十章：新住民婚姻輔導
2026-06-21 10:40:14,793 INFO 生成片段 [4_0]: duration=5.25s
2026-06-21 10:40:15,518 INFO 生成片段 [4_1]: duration=11.58s
2026-06-21 10:40:16,493 INFO 生成片段 [4_2]: duration=18.19s
2026-06-21 10:40:17,628 INFO 生成片段 [4_3]: duration=20.91s
2026-06-21 10:40:18,584 INFO 生成片段 [4_4]: duration=11.49s
2026-06-21 10:40:19,481 INFO 生成片段 [4_5]: duration=16.95s
2026-06-21 10:40:19,992 INFO 生成片段 [4_6]: duration=9.87s
2026-06-21 10:40:19,992 INFO 處理章節: 第十一章：多元文化公民參與
2026-06-21 10:40:20,442 INFO 生成片段 [5_0]: duration=5.61s
2026-06-21 10:40:20,922 INFO 生成片段 [5_1]: duration=6.33s
2026-06-21 10:40:21,589 INFO 生成片段 [5_2]: duration=6.67s
2026-06-21 10:40:22,500 INFO 生成片段 [5_3]: duration=19.95s
2026-06-21 10:40:23,146 INFO 生成片段 [5_4]: duration=7.08s
2026-06-21 10:40:23,974 INFO 生成片段 [5_5]: duration=15.35s
2026-06-21 10:40:24,651 INFO 生成片段 [5_6]: duration=14.96s
2026-06-21 10:40:25,061 INFO 生成片段 [5_7]: duration=3.50s
2026-06-21 10:40:25,061 INFO 處理章節: 考前衝刺：必考名詞解釋
2026-06-21 10:40:25,511 INFO 生成片段 [6_0]: duration=5.88s
2026-06-21 10:40:26,376 INFO 生成片段 [6_1]: duration=17.32s
2026-06-21 10:40:27,058 INFO 生成片段 [6_2]: duration=11.44s
2026-06-21 10:40:29,651 INFO 生成片段 [6_3]: duration=23.56s
2026-06-21 10:40:30,521 INFO 生成片段 [6_4]: duration=20.15s
2026-06-21 10:40:31,373 INFO 生成片段 [6_5]: duration=14.88s
2026-06-21 10:40:32,198 INFO 生成片段 [6_6]: duration=20.04s
2026-06-21 10:40:33,040 INFO 生成片段 [6_7]: duration=14.94s
2026-06-21 10:40:33,661 INFO 生成片段 [6_8]: duration=10.06s
2026-06-21 10:40:34,321 INFO 生成片段 [6_9]: duration=6.02s
2026-06-21 10:40:34,798 INFO 生成片段 [6_10]: duration=2.84s
2026-06-21 10:40:34,798 INFO 開始無縫合併音軌與視訊...
2026-06-21 10:41:04,841 INFO 影片合併完成！清除暫存檔案...
2026-06-21 10:41:04,907 INFO Done! TV Full Video Generated completely gapless.
2026-06-21 10:58:39,811 INFO 處理章節: 第六章：性別醫學
2026-06-21 10:58:40,977 INFO 生成片段 [0_0]: duration=4.89s
2026-06-21 10:58:41,944 INFO 生成片段 [0_1]: duration=12.43s
2026-06-21 10:58:43,254 INFO 生成片段 [0_2]: duration=15.45s
2026-06-21 10:58:49,541 INFO 生成片段 [0_3]: duration=15.68s
2026-06-21 10:58:51,036 INFO 生成片段 [0_4]: duration=7.23s
2026-06-21 10:58:51,952 INFO 生成片段 [0_5]: duration=7.66s
2026-06-21 10:58:53,102 INFO 生成片段 [0_6]: duration=5.47s
2026-06-21 10:58:54,180 INFO 生成片段 [0_7]: duration=13.91s
2026-06-21 10:58:55,514 INFO 生成片段 [0_8]: duration=8.65s
2026-06-21 10:58:56,942 INFO 生成片段 [0_9]: duration=10.11s
2026-06-21 10:58:58,502 INFO 生成片段 [0_10]: duration=10.25s
2026-06-21 10:58:59,435 INFO 生成片段 [0_11]: duration=8.85s
2026-06-21 10:59:04,848 INFO 生成片段 [0_12]: duration=17.10s
2026-06-21 10:59:06,055 INFO 生成片段 [0_13]: duration=16.97s
2026-06-21 10:59:07,316 INFO 生成片段 [0_14]: duration=11.61s
2026-06-21 10:59:08,433 INFO 生成片段 [0_15]: duration=9.24s
2026-06-21 10:59:09,435 INFO 生成片段 [0_16]: duration=3.88s
2026-06-21 10:59:12,548 INFO 生成片段 [0_17]: duration=24.20s
2026-06-21 10:59:13,578 INFO 生成片段 [0_18]: duration=2.87s
2026-06-21 10:59:13,578 INFO 處理章節: 第七章：臺灣多元族群
2026-06-21 10:59:14,845 INFO 生成片段 [1_0]: duration=4.39s
2026-06-21 10:59:16,267 INFO 生成片段 [1_1]: duration=14.38s
2026-06-21 10:59:17,559 INFO 生成片段 [1_2]: duration=13.62s
2026-06-21 10:59:18,828 INFO 生成片段 [1_3]: duration=9.29s
2026-06-21 10:59:20,191 INFO 生成片段 [1_4]: duration=17.22s
2026-06-21 10:59:21,442 INFO 生成片段 [1_5]: duration=6.98s
2026-06-21 10:59:22,553 INFO 生成片段 [1_6]: duration=13.92s
2026-06-21 10:59:23,818 INFO 生成片段 [1_7]: duration=12.75s
2026-06-21 10:59:23,818 INFO 處理章節: 第八章：社會污名與心理健康
2026-06-21 10:59:24,750 INFO 生成片段 [2_0]: duration=4.44s
2026-06-21 10:59:26,173 INFO 生成片段 [2_1]: duration=15.06s
2026-06-21 10:59:28,199 INFO 生成片段 [2_2]: duration=17.17s
2026-06-21 10:59:29,861 INFO 生成片段 [2_3]: duration=18.08s
2026-06-21 10:59:31,183 INFO 生成片段 [2_4]: duration=11.37s
2026-06-21 10:59:32,731 INFO 生成片段 [2_5]: duration=9.14s
2026-06-21 10:59:34,181 INFO 生成片段 [2_6]: duration=8.68s
2026-06-21 10:59:35,533 INFO 生成片段 [2_7]: duration=7.91s
2026-06-21 10:59:35,533 INFO 處理章節: 第九章：性別教育與弱勢族群
2026-06-21 10:59:37,058 INFO 生成片段 [3_0]: duration=4.66s
2026-06-21 10:59:38,720 INFO 生成片段 [3_1]: duration=11.67s
2026-06-21 10:59:40,268 INFO 生成片段 [3_2]: duration=13.12s
2026-06-21 10:59:41,785 INFO 生成片段 [3_3]: duration=13.10s
2026-06-21 10:59:45,961 INFO 生成片段 [3_4]: duration=26.59s
2026-06-21 10:59:47,190 INFO 生成片段 [3_5]: duration=9.74s
2026-06-21 10:59:48,700 INFO 生成片段 [3_6]: duration=12.34s
2026-06-21 10:59:49,767 INFO 生成片段 [3_7]: duration=7.66s
2026-06-21 10:59:49,767 INFO 處理章節: 第十章：新住民婚姻輔導
2026-06-21 10:59:50,845 INFO 生成片段 [4_0]: duration=5.25s
2026-06-21 10:59:52,014 INFO 生成片段 [4_1]: duration=11.58s
2026-06-21 10:59:53,660 INFO 生成片段 [4_2]: duration=18.18s
2026-06-21 10:59:55,263 INFO 生成片段 [4_3]: duration=20.91s
2026-06-21 10:59:56,493 INFO 生成片段 [4_4]: duration=11.49s
2026-06-21 10:59:57,881 INFO 生成片段 [4_5]: duration=16.96s
2026-06-21 10:59:59,333 INFO 生成片段 [4_6]: duration=9.87s
2026-06-21 10:59:59,333 INFO 處理章節: 第十一章：多元文化公民參與
2026-06-21 11:00:00,733 INFO 生成片段 [5_0]: duration=5.61s
2026-06-21 11:00:02,337 INFO 生成片段 [5_1]: duration=6.33s
2026-06-21 11:00:03,616 INFO 生成片段 [5_2]: duration=6.67s
2026-06-21 11:00:05,579 INFO 生成片段 [5_3]: duration=19.95s
2026-06-21 11:00:07,066 INFO 生成片段 [5_4]: duration=7.08s
2026-06-21 11:00:08,587 INFO 生成片段 [5_5]: duration=15.35s
2026-06-21 11:00:09,931 INFO 生成片段 [5_6]: duration=14.96s
2026-06-21 11:00:11,063 INFO 生成片段 [5_7]: duration=3.50s
2026-06-21 11:00:11,063 INFO 處理章節: 考前衝刺：必考名詞解釋
2026-06-21 11:00:12,542 INFO 生成片段 [6_0]: duration=5.89s
2026-06-21 11:00:13,963 INFO 生成片段 [6_1]: duration=17.32s
2026-06-21 11:00:15,345 INFO 生成片段 [6_2]: duration=11.44s
2026-06-21 11:00:18,905 INFO 生成片段 [6_3]: duration=23.55s
2026-06-21 11:00:20,599 INFO 生成片段 [6_4]: duration=20.15s
2026-06-21 11:00:21,987 INFO 生成片段 [6_5]: duration=14.88s
2026-06-21 11:00:23,718 INFO 生成片段 [6_6]: duration=20.03s
2026-06-21 11:00:25,037 INFO 生成片段 [6_7]: duration=14.94s
2026-06-21 11:00:26,505 INFO 生成片段 [6_8]: duration=10.06s
2026-06-21 11:00:27,876 INFO 生成片段 [6_9]: duration=6.02s
2026-06-21 11:00:28,903 INFO 生成片段 [6_10]: duration=2.84s
2026-06-21 11:00:28,903 INFO 開始無縫合併音軌與視訊...
2026-06-21 11:01:12,783 INFO 影片合併完成！清除暫存檔案...
2026-06-21 11:01:12,952 INFO Done! TV Full Video Generated completely gapless.
